Using pre-set license
Built from '2021.1/staging' branch; Version is '2021.1.15f1 (e767a7370072) revision 15165351'; Using compiler version '192528614'; Build Type 'Release'
OS: 'Windows 10 Home; OS build 19042.1165; Version 2009; 64bit' Language: 'en' Physical Memory: 32684 MB
BatchMode: 1, IsHumanControllingUs: 0, StartBugReporterOnCrash: 0, Is64bit: 1, IsPro: 0

 COMMAND LINE ARGUMENTS:
E:\programs\Unity\2021.1.15f1\Editor\Unity.exe
-adb2
-batchMode
-noUpm
-name
AssetImportWorker0
-projectPath
D:/unity2021/QinooEvo
-logFile
Logs/AssetImportWorker0.log
-srvPort
49316
Successfully changed project path to: D:/unity2021/QinooEvo
D:/unity2021/QinooEvo
Using Asset Import Pipeline V2.
Refreshing native plugins compatible for Editor in 27.46 ms, found 2 plugins.
Preloading 0 native plugins for Editor in 0.00 ms.
Initialize engine version: 2021.1.15f1 (e767a7370072)
[Subsystems] Discovering subsystems at path E:/programs/Unity/2021.1.15f1/Editor/Data/Resources/UnitySubsystems
[Subsystems] Discovering subsystems at path D:/unity2021/QinooEvo/Assets
GfxDevice: creating device client; threaded=0; jobified=0
Direct3D:
    Version:  Direct3D 11.0 [level 11.1]
    Renderer: NVIDIA GeForce RTX 3080 (ID=0x2206)
    Vendor:   NVIDIA
    VRAM:     10077 MB
    Driver:   27.21.14.6627
Initialize mono
Mono path[0] = 'E:/programs/Unity/2021.1.15f1/Editor/Data/Managed'
Mono path[1] = 'E:/programs/Unity/2021.1.15f1/Editor/Data/MonoBleedingEdge/lib/mono/unityjit'
Mono config path = 'E:/programs/Unity/2021.1.15f1/Editor/Data/MonoBleedingEdge/etc'
Using monoOptions --debugger-agent=transport=dt_socket,embedding=1,server=y,suspend=n,address=127.0.0.1:56192
Begin MonoManager ReloadAssembly
Registering precompiled unity dll's ...
Register platform support module: E:/programs/Unity/2021.1.15f1/Editor/Data/PlaybackEngines/WindowsStandaloneSupport/UnityEditor.WindowsStandalone.Extensions.dll
Registered in 0.000786 seconds.
Native extension for WindowsStandalone target not found
Refreshing native plugins compatible for Editor in 27.57 ms, found 2 plugins.
Preloading 0 native plugins for Editor in 0.00 ms.
Mono: successfully reloaded assembly
- Completed reload, in  0.977 seconds
Domain Reload Profiling:
	ReloadAssembly (977ms)
		BeginReloadAssembly (41ms)
			ExecutionOrderSort (0ms)
			DisableScriptedObjects (0ms)
			BackupInstance (0ms)
			ReleaseScriptingObjects (0ms)
			CreateAndSetChildDomain (1ms)
		EndReloadAssembly (340ms)
			LoadAssemblies (40ms)
			RebuildTransferFunctionScriptingTraits (0ms)
			SetupTypeCache (140ms)
			ReleaseScriptCaches (0ms)
			RebuildScriptCaches (25ms)
			SetupLoadedEditorAssemblies (141ms)
				LogAssemblyErrors (0ms)
				InitializePlatformSupportModulesInManaged (5ms)
				SetLoadedEditorAssemblies (0ms)
				RefreshPlugins (28ms)
				BeforeProcessingInitializeOnLoad (1ms)
				ProcessInitializeOnLoadAttributes (83ms)
				ProcessInitializeOnLoadMethodAttributes (24ms)
				AfterProcessingInitializeOnLoad (0ms)
				EditorAssembliesLoaded (0ms)
			ExecutionOrderSort2 (0ms)
			AwakeInstancesAfterBackupRestoration (0ms)
Platform modules already initialized, skipping
Registering precompiled user dll's ...
Registered in 0.002498 seconds.
Begin MonoManager ReloadAssembly
Native extension for WindowsStandalone target not found
Refreshing native plugins compatible for Editor in 30.32 ms, found 2 plugins.
Preloading 0 native plugins for Editor in 0.00 ms.
Mono: successfully reloaded assembly
- Completed reload, in  0.971 seconds
Domain Reload Profiling:
	ReloadAssembly (972ms)
		BeginReloadAssembly (121ms)
			ExecutionOrderSort (0ms)
			DisableScriptedObjects (4ms)
			BackupInstance (0ms)
			ReleaseScriptingObjects (0ms)
			CreateAndSetChildDomain (17ms)
		EndReloadAssembly (803ms)
			LoadAssemblies (160ms)
			RebuildTransferFunctionScriptingTraits (0ms)
			SetupTypeCache (236ms)
			ReleaseScriptCaches (0ms)
			RebuildScriptCaches (38ms)
			SetupLoadedEditorAssemblies (282ms)
				LogAssemblyErrors (0ms)
				InitializePlatformSupportModulesInManaged (4ms)
				SetLoadedEditorAssemblies (0ms)
				RefreshPlugins (30ms)
				BeforeProcessingInitializeOnLoad (37ms)
				ProcessInitializeOnLoadAttributes (204ms)
				ProcessInitializeOnLoadMethodAttributes (4ms)
				AfterProcessingInitializeOnLoad (2ms)
				EditorAssembliesLoaded (0ms)
			ExecutionOrderSort2 (0ms)
			AwakeInstancesAfterBackupRestoration (5ms)
Platform modules already initialized, skipping
========================================================================
Worker process is ready to serve import requests
Launched and connected shader compiler UnityShaderCompiler.exe after 0.05 seconds
Refreshing native plugins compatible for Editor in 0.34 ms, found 2 plugins.
Preloading 0 native plugins for Editor in 0.00 ms.
Unloading 1710 Unused Serialized files (Serialized files now loaded: 0)
System memory in use before: 82.2 MB.
System memory in use after: 82.2 MB.

Unloading 21 unused Assets to reduce memory usage. Loaded Objects now: 2159.
Total: 2.003300 ms (FindLiveObjects: 0.145100 ms CreateObjectMapping: 0.038800 ms MarkObjects: 1.753100 ms  DeleteObjects: 0.065600 ms)

AssetImportParameters requested are different than current active one (requested -> active):
  custom:framework-win-MediaFoundation: 216162199b28c13a410421893ffa2e32 -> 
  custom:video-decoder-ogg-theora: a1e56fd34408186e4bbccfd4996cb3dc -> 
  custom:container-muxer-webm: aa71ff27fc2769a1b78a27578f13a17b -> 
  custom:container-demuxer-webm: 4f35f7cbe854078d1ac9338744f61a02 -> 
  custom:container-demuxer-ogg: 62fdf1f143b41e24485cea50d1cbac27 -> 
  custom:video-encoder-webm-vp8: eb34c28f22e8b96e1ab97ce403110664 -> 
  custom:video-decoder-webm-vp8: 9c59270c3fd7afecdb556c50c9e8de78 -> 
  custom:audio-decoder-ogg-vorbis: bf7c407c2cedff20999df2af8eb42d56 -> 
  custom:audio-encoder-webm-vorbis: bf7c407c2cedff20999df2af8eb42d56 -> 
========================================================================
Received Import Request.
  path: Assets/Scenes/2d hybrid.unity
  artifactKey: Guid(3a680d570d9c43243acd048d365029fe) Importer(815301076,1909f56bfc062723c751e8b465ee728b)
Start importing Assets/Scenes/2d hybrid.unity using Guid(3a680d570d9c43243acd048d365029fe) Importer(815301076,1909f56bfc062723c751e8b465ee728b)  -> (artifact id: 'c6256f755b6d5db76fa2d12997d8036e') in 0.014169 seconds 
========================================================================
Received Import Request.
  Time since last request: 14.681771 seconds.
  path: Assets/Input/InputActions.inputactions
  artifactKey: Guid(9248ead60d6c70847b5d138cc5228553) Importer(815301076,1909f56bfc062723c751e8b465ee728b)
Start importing Assets/Input/InputActions.inputactions using Guid(9248ead60d6c70847b5d138cc5228553) Importer(815301076,1909f56bfc062723c751e8b465ee728b)  -> (artifact id: '13089a369f32dc85cb87fda987e87cdc') in 0.037033 seconds 
========================================================================
Received Import Request.
  Time since last request: 0.760016 seconds.
  path: Assets/Resources/Cube.prefab
  artifactKey: Guid(35c893b89f0e0ee4da048da1ef2fa63c) Importer(815301076,1909f56bfc062723c751e8b465ee728b)
Start importing Assets/Resources/Cube.prefab using Guid(35c893b89f0e0ee4da048da1ef2fa63c) Importer(815301076,1909f56bfc062723c751e8b465ee728b)  -> (artifact id: '371b818c4462e15cb83ba908863f2861') in 0.209579 seconds 
========================================================================
Received Import Request.
  Time since last request: 0.000172 seconds.
  path: Assets/Resources/default_water.prefab
  artifactKey: Guid(a53516b4ca38c1d45b397efc20793a9b) Importer(815301076,1909f56bfc062723c751e8b465ee728b)
Start importing Assets/Resources/default_water.prefab using Guid(a53516b4ca38c1d45b397efc20793a9b) Importer(815301076,1909f56bfc062723c751e8b465ee728b)  -> (artifact id: 'a62bcb617dae3a61530310f1ad2f47dd') in 0.076348 seconds 
========================================================================
Received Import Request.
  Time since last request: 0.000159 seconds.
  path: Assets/Resources/pfbwall.prefab
  artifactKey: Guid(6d1aea9ccc037dd499295058a5a6f609) Importer(815301076,1909f56bfc062723c751e8b465ee728b)
Start importing Assets/Resources/pfbwall.prefab using Guid(6d1aea9ccc037dd499295058a5a6f609) Importer(815301076,1909f56bfc062723c751e8b465ee728b)  -> (artifact id: '1ccfe799a44f3f8b413908774ddf8d0d') in 0.010448 seconds 
========================================================================
Received Import Request.
  Time since last request: 0.000157 seconds.
  path: Assets/Resources/Cube2d.prefab
  artifactKey: Guid(d51ec579155ccab4f989517fe38b2a8a) Importer(815301076,1909f56bfc062723c751e8b465ee728b)
Start importing Assets/Resources/Cube2d.prefab using Guid(d51ec579155ccab4f989517fe38b2a8a) Importer(815301076,1909f56bfc062723c751e8b465ee728b)  -> (artifact id: '5e200de63e6b83ff9b168dd795f3c122') in 0.010856 seconds 
========================================================================
Received Import Request.
  Time since last request: 0.000161 seconds.
  path: Assets/Resources/default_mountain.prefab
  artifactKey: Guid(14c10c8ff2ee95c4d833570bca2fd309) Importer(815301076,1909f56bfc062723c751e8b465ee728b)
Start importing Assets/Resources/default_mountain.prefab using Guid(14c10c8ff2ee95c4d833570bca2fd309) Importer(815301076,1909f56bfc062723c751e8b465ee728b)  -> (artifact id: '29af3c097281ca698a253941b47e43d6') in 0.010245 seconds 
========================================================================
Received Import Request.
  Time since last request: 0.000161 seconds.
  path: Assets/Resources/default_ravine.prefab
  artifactKey: Guid(819b2b3501b56da4d9a5dfa394890cf3) Importer(815301076,1909f56bfc062723c751e8b465ee728b)
Start importing Assets/Resources/default_ravine.prefab using Guid(819b2b3501b56da4d9a5dfa394890cf3) Importer(815301076,1909f56bfc062723c751e8b465ee728b)  -> (artifact id: '2377b8f59675f0e266fa435bb80f6dbf') in 0.009363 seconds 
========================================================================
Received Import Request.
  Time since last request: 0.000141 seconds.
  path: Assets/Resources/pfbtree.prefab
  artifactKey: Guid(8693a05cef3d596448c993e0892a0421) Importer(815301076,1909f56bfc062723c751e8b465ee728b)
Start importing Assets/Resources/pfbtree.prefab using Guid(8693a05cef3d596448c993e0892a0421) Importer(815301076,1909f56bfc062723c751e8b465ee728b)  -> (artifact id: '07eb396096c941b51da30bfd2f65ac9d') in 0.008757 seconds 
========================================================================
Received Import Request.
  Time since last request: 0.000150 seconds.
  path: Assets/Resources/default_ground.prefab
  artifactKey: Guid(72b31abb6a36d0845ae7959932921d1f) Importer(815301076,1909f56bfc062723c751e8b465ee728b)
Start importing Assets/Resources/default_ground.prefab using Guid(72b31abb6a36d0845ae7959932921d1f) Importer(815301076,1909f56bfc062723c751e8b465ee728b)  -> (artifact id: '2f060d804da4bc1448997bb6b499113c') in 0.008738 seconds 
========================================================================
Received Import Request.
  Time since last request: 0.000137 seconds.
  path: Assets/Resources/Tile.prefab
  artifactKey: Guid(f4b5eb00bfa9ab24a9dbbea0e831cae2) Importer(815301076,1909f56bfc062723c751e8b465ee728b)
Start importing Assets/Resources/Tile.prefab using Guid(f4b5eb00bfa9ab24a9dbbea0e831cae2) Importer(815301076,1909f56bfc062723c751e8b465ee728b)  -> (artifact id: '6cdc050788bcd10ae029c8f88905d597') in 0.010456 seconds 
========================================================================
Received Prepare
Registering precompiled user dll's ...
Registered in 0.002516 seconds.
Begin MonoManager ReloadAssembly
Native extension for WindowsStandalone target not found
Refreshing native plugins compatible for Editor in 0.33 ms, found 2 plugins.
Preloading 0 native plugins for Editor in 0.00 ms.
Mono: successfully reloaded assembly
- Completed reload, in  0.789 seconds
Domain Reload Profiling:
	ReloadAssembly (789ms)
		BeginReloadAssembly (93ms)
			ExecutionOrderSort (0ms)
			DisableScriptedObjects (3ms)
			BackupInstance (0ms)
			ReleaseScriptingObjects (0ms)
			CreateAndSetChildDomain (27ms)
		EndReloadAssembly (649ms)
			LoadAssemblies (68ms)
			RebuildTransferFunctionScriptingTraits (0ms)
			SetupTypeCache (240ms)
			ReleaseScriptCaches (1ms)
			RebuildScriptCaches (31ms)
			SetupLoadedEditorAssemblies (219ms)
				LogAssemblyErrors (0ms)
				InitializePlatformSupportModulesInManaged (4ms)
				SetLoadedEditorAssemblies (0ms)
				RefreshPlugins (0ms)
				BeforeProcessingInitializeOnLoad (27ms)
				ProcessInitializeOnLoadAttributes (182ms)
				ProcessInitializeOnLoadMethodAttributes (3ms)
				AfterProcessingInitializeOnLoad (2ms)
				EditorAssembliesLoaded (0ms)
			ExecutionOrderSort2 (0ms)
			AwakeInstancesAfterBackupRestoration (6ms)
Platform modules already initialized, skipping
Refreshing native plugins compatible for Editor in 0.42 ms, found 2 plugins.
Preloading 0 native plugins for Editor in 0.00 ms.
Unloading 1704 Unused Serialized files (Serialized files now loaded: 0)
System memory in use before: 86.1 MB.
System memory in use after: 86.2 MB.

Unloading 16 unused Assets to reduce memory usage. Loaded Objects now: 2168.
Total: 1.946800 ms (FindLiveObjects: 0.154100 ms CreateObjectMapping: 0.046600 ms MarkObjects: 1.693700 ms  DeleteObjects: 0.051400 ms)

AssetImportParameters requested are different than current active one (requested -> active):
  custom:framework-win-MediaFoundation: 216162199b28c13a410421893ffa2e32 -> 
  custom:video-decoder-ogg-theora: a1e56fd34408186e4bbccfd4996cb3dc -> 
  custom:container-muxer-webm: aa71ff27fc2769a1b78a27578f13a17b -> 
  custom:container-demuxer-webm: 4f35f7cbe854078d1ac9338744f61a02 -> 
  custom:container-demuxer-ogg: 62fdf1f143b41e24485cea50d1cbac27 -> 
  custom:video-encoder-webm-vp8: eb34c28f22e8b96e1ab97ce403110664 -> 
  custom:video-decoder-webm-vp8: 9c59270c3fd7afecdb556c50c9e8de78 -> 
  custom:audio-decoder-ogg-vorbis: bf7c407c2cedff20999df2af8eb42d56 -> 
  custom:audio-encoder-webm-vorbis: bf7c407c2cedff20999df2af8eb42d56 -> 
========================================================================
Received Import Request.
  Time since last request: 12.358490 seconds.
  path: Assets/Scripts/Placeable.cs
  artifactKey: Guid(f23b591b8cc4b1d458459a35cba3416b) Importer(815301076,1909f56bfc062723c751e8b465ee728b)
Start importing Assets/Scripts/Placeable.cs using Guid(f23b591b8cc4b1d458459a35cba3416b) Importer(815301076,1909f56bfc062723c751e8b465ee728b)  -> (artifact id: 'f2c91d41b8a234311a40b318d876f754') in 0.009064 seconds 
========================================================================
Received Import Request.
  Time since last request: 5.883801 seconds.
  path: Assets/Scripts/Pushable.cs
  artifactKey: Guid(299b0028e7f775f488be871071f33375) Importer(815301076,1909f56bfc062723c751e8b465ee728b)
Start importing Assets/Scripts/Pushable.cs using Guid(299b0028e7f775f488be871071f33375) Importer(815301076,1909f56bfc062723c751e8b465ee728b)  -> (artifact id: '330dc24ab15b3f729c8326825f0d43e2') in 0.005095 seconds 
========================================================================
Received Prepare
Registering precompiled user dll's ...
Registered in 0.002470 seconds.
Begin MonoManager ReloadAssembly
Native extension for WindowsStandalone target not found
Refreshing native plugins compatible for Editor in 0.44 ms, found 2 plugins.
Preloading 0 native plugins for Editor in 0.00 ms.
Mono: successfully reloaded assembly
- Completed reload, in  0.786 seconds
Domain Reload Profiling:
	ReloadAssembly (786ms)
		BeginReloadAssembly (94ms)
			ExecutionOrderSort (0ms)
			DisableScriptedObjects (4ms)
			BackupInstance (0ms)
			ReleaseScriptingObjects (0ms)
			CreateAndSetChildDomain (26ms)
		EndReloadAssembly (644ms)
			LoadAssemblies (64ms)
			RebuildTransferFunctionScriptingTraits (0ms)
			SetupTypeCache (236ms)
			ReleaseScriptCaches (1ms)
			RebuildScriptCaches (32ms)
			SetupLoadedEditorAssemblies (219ms)
				LogAssemblyErrors (0ms)
				InitializePlatformSupportModulesInManaged (4ms)
				SetLoadedEditorAssemblies (0ms)
				RefreshPlugins (0ms)
				BeforeProcessingInitializeOnLoad (27ms)
				ProcessInitializeOnLoadAttributes (181ms)
				ProcessInitializeOnLoadMethodAttributes (4ms)
				AfterProcessingInitializeOnLoad (2ms)
				EditorAssembliesLoaded (0ms)
			ExecutionOrderSort2 (0ms)
			AwakeInstancesAfterBackupRestoration (6ms)
Platform modules already initialized, skipping
Refreshing native plugins compatible for Editor in 0.43 ms, found 2 plugins.
Preloading 0 native plugins for Editor in 0.00 ms.
Unloading 1700 Unused Serialized files (Serialized files now loaded: 0)
System memory in use before: 86.1 MB.
System memory in use after: 86.1 MB.

Unloading 18 unused Assets to reduce memory usage. Loaded Objects now: 2166.
Total: 2.064500 ms (FindLiveObjects: 0.145500 ms CreateObjectMapping: 0.037800 ms MarkObjects: 1.824200 ms  DeleteObjects: 0.056200 ms)

AssetImportParameters requested are different than current active one (requested -> active):
  custom:framework-win-MediaFoundation: 216162199b28c13a410421893ffa2e32 -> 
  custom:video-decoder-ogg-theora: a1e56fd34408186e4bbccfd4996cb3dc -> 
  custom:container-muxer-webm: aa71ff27fc2769a1b78a27578f13a17b -> 
  custom:container-demuxer-webm: 4f35f7cbe854078d1ac9338744f61a02 -> 
  custom:container-demuxer-ogg: 62fdf1f143b41e24485cea50d1cbac27 -> 
  custom:video-encoder-webm-vp8: eb34c28f22e8b96e1ab97ce403110664 -> 
  custom:video-decoder-webm-vp8: 9c59270c3fd7afecdb556c50c9e8de78 -> 
  custom:audio-decoder-ogg-vorbis: bf7c407c2cedff20999df2af8eb42d56 -> 
  custom:audio-encoder-webm-vorbis: bf7c407c2cedff20999df2af8eb42d56 -> 
